12:14:27.940 [main] INFO  testCases.TC004_GymCategory - --//Review given//--
12:15:18.258 [main] INFO  testCases.TC004_GymCategory - --//Shared and Reported//--
12:15:39.778 [main] INFO  testCases.TC004_GymCategory - --//Free Listing Done//--
12:16:49.500 [main] INFO  testCases.TC004_GymCategory - --//Gym Sub Categories taken//--
12:31:43.992 [main] INFO  testCases.TC004_GymCategory - --//Country chosen and title verified//--
12:31:50.918 [main] INFO  testCases.TC004_GymCategory - --//City chosen//--
12:32:11.841 [main] INFO  testCases.TC004_GymCategory - --//Top 5 car wash services displyed//--
12:32:16.333 [main] INFO  testCases.TC004_GymCategory - --//Review given//--
12:48:37.484 [main] INFO  testCases.TC004_GymCategory - --//Country chosen and title verified//--
12:48:54.085 [main] INFO  testCases.TC004_GymCategory - --//City chosen//--
12:49:14.868 [main] INFO  testCases.TC004_GymCategory - --//Top 5 car wash services displyed//--
12:49:41.720 [main] INFO  testCases.TC004_GymCategory - --//Review given//--
12:50:52.699 [main] INFO  testCases.TC004_GymCategory - --//Shared and Reported//--
12:51:01.864 [main] INFO  testCases.TC004_GymCategory - --//Free Listing Done//--
12:51:16.779 [main] INFO  testCases.TC004_GymCategory - --//Gym Sub Categories taken//--
16:11:55.367 [main] INFO  testCases.TC004_GymCategory - --//Country chosen and title verified//--
16:12:19.411 [main] INFO  testCases.TC004_GymCategory - --//City chosen//--
16:13:06.116 [main] INFO  testCases.TC004_GymCategory - --//Top 5 car wash services displyed//--
16:13:19.650 [main] INFO  testCases.TC004_GymCategory - --//Review given//--
16:14:09.005 [main] INFO  testCases.TC004_GymCategory - --//Shared and Reported//--
16:14:46.339 [main] INFO  testCases.TC004_GymCategory - --//Free Listing Done//--
16:15:11.257 [main] INFO  testCases.TC004_GymCategory - --//Gym Sub Categories taken//--
