10:15:15.731 [main] INFO  testCases.TC004_GymCategory - --//Top 5 car wash services displyed//--
10:15:20.150 [main] INFO  testCases.TC004_GymCategory - --//Review given//--
10:16:03.348 [main] INFO  testCases.TC004_GymCategory - --//Shared and Reported//--
10:16:19.251 [main] INFO  testCases.TC004_GymCategory - --//Free Listing Done//--
10:16:32.045 [main] INFO  testCases.TC004_GymCategory - --//Gym Sub Categories taken//--
10:18:18.788 [main] INFO  testCases.TC004_GymCategory - --//Country chosen//--
10:18:36.718 [main] INFO  testCases.TC004_GymCategory - --//City chosen//--
10:19:18.517 [main] INFO  testCases.TC004_GymCategory - --//Top 5 car wash services displyed//--
10:19:38.607 [main] INFO  testCases.TC004_GymCategory - --//Review given//--
10:20:25.220 [main] INFO  testCases.TC004_GymCategory - --//Shared and Reported//--
10:20:49.909 [main] INFO  testCases.TC004_GymCategory - --//Free Listing Done//--
10:21:34.586 [main] INFO  testCases.TC004_GymCategory - --//Gym Sub Categories taken//--
12:28:10.542 [main] INFO  testCases.TC004_GymCategory - --//Country chosen//--
12:28:27.318 [main] INFO  testCases.TC004_GymCategory - --//City chosen//--
12:29:07.520 [main] INFO  testCases.TC004_GymCategory - --//Top 5 car wash services displyed//--
12:29:12.048 [main] INFO  testCases.TC004_GymCategory - --//Review given//--
12:29:50.708 [main] INFO  testCases.TC004_GymCategory - --//Shared and Reported//--
12:29:57.506 [main] INFO  testCases.TC004_GymCategory - --//Free Listing Done//--
12:30:11.177 [main] INFO  testCases.TC004_GymCategory - --//Gym Sub Categories taken//--
12:30:38.857 [main] INFO  testCases.TC004_GymCategory - --//Country chosen//--
12:30:56.294 [main] INFO  testCases.TC004_GymCategory - --//City chosen//--
12:31:35.740 [main] INFO  testCases.TC004_GymCategory - --//Top 5 car wash services displyed//--
12:31:40.627 [main] INFO  testCases.TC004_GymCategory - --//Review given//--
12:32:25.039 [main] INFO  testCases.TC004_GymCategory - --//Shared and Reported//--
12:32:32.422 [main] INFO  testCases.TC004_GymCategory - --//Free Listing Done//--
12:32:45.680 [main] INFO  testCases.TC004_GymCategory - --//Gym Sub Categories taken//--
15:23:13.023 [main] INFO  testCases.TC004_GymCategory - --//Country chosen and title verified//--
15:23:43.731 [main] INFO  testCases.TC004_GymCategory - --//City chosen//--
15:24:52.101 [main] INFO  testCases.TC004_GymCategory - --//Top 5 car wash services displyed//--
15:25:10.691 [main] INFO  testCases.TC004_GymCategory - --//Review given//--
15:26:25.478 [main] INFO  testCases.TC004_GymCategory - --//Shared and Reported//--
15:26:43.410 [main] INFO  testCases.TC004_GymCategory - --//Free Listing Done//--
15:27:01.186 [main] INFO  testCases.TC004_GymCategory - --//Gym Sub Categories taken//--
11:25:16.726 [main] INFO  testCases.TC004_GymCategory - --//Country chosen and title verified//--
11:25:34.518 [main] INFO  testCases.TC004_GymCategory - --//City chosen//--
11:26:22.768 [main] INFO  testCases.TC004_GymCategory - --//Top 5 car wash services displyed//--
11:26:28.470 [main] INFO  testCases.TC004_GymCategory - --//Review given//--
11:27:14.933 [main] INFO  testCases.TC004_GymCategory - --//Shared and Reported//--
11:27:25.068 [main] INFO  testCases.TC004_GymCategory - --//Free Listing Done//--
11:27:43.010 [main] INFO  testCases.TC004_GymCategory - --//Gym Sub Categories taken//--
11:41:41.985 [main] INFO  testCases.TC004_GymCategory - --//Country chosen and title verified//--
11:41:59.991 [main] INFO  testCases.TC004_GymCategory - --//City chosen//--
11:42:47.847 [main] INFO  testCases.TC004_GymCategory - --//Top 5 car wash services displyed//--
11:42:54.062 [main] INFO  testCases.TC004_GymCategory - --//Review given//--
11:43:59.078 [main] INFO  testCases.TC004_GymCategory - --//Shared and Reported//--
11:44:30.906 [main] INFO  testCases.TC004_GymCategory - --//Free Listing Done//--
11:44:49.881 [main] INFO  testCases.TC004_GymCategory - --//Gym Sub Categories taken//--
12:01:48.896 [main] INFO  testCases.TC004_GymCategory - --//Country chosen and title verified//--
12:05:44.202 [main] INFO  testCases.TC004_GymCategory - --//Country chosen and title verified//--
12:06:02.587 [main] INFO  testCases.TC004_GymCategory - --//City chosen//--
12:06:50.038 [main] INFO  testCases.TC004_GymCategory - --//Top 5 car wash services displyed//--
12:06:57.020 [main] INFO  testCases.TC004_GymCategory - --//Review given//--
12:07:48.717 [main] INFO  testCases.TC004_GymCategory - --//Shared and Reported//--
12:07:59.271 [main] INFO  testCases.TC004_GymCategory - --//Free Listing Done//--
12:08:34.025 [main] INFO  testCases.TC004_GymCategory - --//Gym Sub Categories taken//--
12:13:08.700 [main] INFO  testCases.TC004_GymCategory - --//Country chosen and title verified//--
12:13:31.182 [main] INFO  testCases.TC004_GymCategory - --//City chosen//--
12:14:19.387 [main] INFO  testCases.TC004_GymCategory - --//Top 5 car wash services displyed//--
