16:50:49.720 [main] INFO  testCases.TC004_GymCategory - --//Shared and Reported//--
16:51:12.253 [main] INFO  testCases.TC004_GymCategory - --//Free Listing Done//--
16:51:40.541 [main] INFO  testCases.TC004_GymCategory - --//Gym Sub Categories taken//--
17:09:52.696 [main] INFO  testCases.TC004_GymCategory - --//Country chosen//--
17:10:24.608 [main] INFO  testCases.TC004_GymCategory - --//City chosen//--
17:11:15.934 [main] INFO  testCases.TC004_GymCategory - --//Top 5 car wash services displyed//--
17:11:43.651 [main] INFO  testCases.TC004_GymCategory - --//Review given//--
17:13:31.400 [main] INFO  testCases.TC004_GymCategory - --//Shared and Reported//--
17:13:52.083 [main] INFO  testCases.TC004_GymCategory - --//Free Listing Done//--
17:14:32.188 [main] INFO  testCases.TC004_GymCategory - --//Gym Sub Categories taken//--
18:23:54.022 [main] INFO  testCases.TC004_GymCategory - --//Country chosen//--
18:24:05.602 [main] INFO  testCases.TC004_GymCategory - --//City chosen//--
18:24:36.931 [main] INFO  testCases.TC004_GymCategory - --//Top 5 car wash services displyed//--
18:24:53.813 [main] INFO  testCases.TC004_GymCategory - --//Review given//--
18:25:36.878 [main] INFO  testCases.TC004_GymCategory - --//Free Listing Done//--
18:25:58.833 [main] INFO  testCases.TC004_GymCategory - --//Gym Sub Categories taken//--
18:29:50.023 [main] INFO  testCases.TC004_GymCategory - --//Country chosen//--
18:30:05.341 [main] INFO  testCases.TC004_GymCategory - --//City chosen//--
18:30:36.669 [main] INFO  testCases.TC004_GymCategory - --//Top 5 car wash services displyed//--
18:30:43.885 [main] INFO  testCases.TC004_GymCategory - --//Review given//--
18:31:24.897 [main] INFO  testCases.TC004_GymCategory - --//Free Listing Done//--
18:31:46.162 [main] INFO  testCases.TC004_GymCategory - --//Gym Sub Categories taken//--
18:33:11.726 [main] INFO  testCases.TC004_GymCategory - --//Country chosen//--
18:33:23.643 [main] INFO  testCases.TC004_GymCategory - --//City chosen//--
18:34:02.448 [main] INFO  testCases.TC004_GymCategory - --//Top 5 car wash services displyed//--
18:34:15.921 [main] INFO  testCases.TC004_GymCategory - --//Review given//--
18:34:59.886 [main] INFO  testCases.TC004_GymCategory - --//Free Listing Done//--
18:35:20.695 [main] INFO  testCases.TC004_GymCategory - --//Gym Sub Categories taken//--
18:40:28.560 [main] INFO  testCases.TC004_GymCategory - --//Country chosen//--
18:40:47.970 [main] INFO  testCases.TC004_GymCategory - --//City chosen//--
18:41:30.067 [main] INFO  testCases.TC004_GymCategory - --//Top 5 car wash services displyed//--
18:41:57.997 [main] INFO  testCases.TC004_GymCategory - --//Review given//--
18:42:58.204 [main] INFO  testCases.TC004_GymCategory - --//Free Listing Done//--
18:43:19.047 [main] INFO  testCases.TC004_GymCategory - --//Gym Sub Categories taken//--
18:48:07.099 [main] INFO  testCases.TC004_GymCategory - --//City chosen//--
18:49:01.879 [main] INFO  testCases.TC004_GymCategory - --//Country chosen//--
18:49:25.939 [main] INFO  testCases.TC004_GymCategory - --//City chosen//--
18:50:03.546 [main] INFO  testCases.TC004_GymCategory - --//Top 5 car wash services displyed//--
18:50:17.728 [main] INFO  testCases.TC004_GymCategory - --//Review given//--
18:51:01.281 [main] INFO  testCases.TC004_GymCategory - --//Shared and Reported//--
18:51:32.868 [main] INFO  testCases.TC004_GymCategory - --//Free Listing Done//--
18:51:55.578 [main] INFO  testCases.TC004_GymCategory - --//Gym Sub Categories taken//--
18:59:49.090 [main] INFO  testCases.TC004_GymCategory - --//City chosen//--
19:00:40.135 [main] INFO  testCases.TC004_GymCategory - --//Country chosen//--
19:00:52.082 [main] INFO  testCases.TC004_GymCategory - --//City chosen//--
19:01:22.967 [main] INFO  testCases.TC004_GymCategory - --//Top 5 car wash services displyed//--
19:01:34.660 [main] INFO  testCases.TC004_GymCategory - --//Review given//--
19:02:15.613 [main] INFO  testCases.TC004_GymCategory - --//Shared and Reported//--
19:02:26.896 [main] INFO  testCases.TC004_GymCategory - --//Free Listing Done//--
19:02:39.842 [main] INFO  testCases.TC004_GymCategory - --//Gym Sub Categories taken//--
19:12:24.337 [main] INFO  testCases.TC004_GymCategory - --//City chosen//--
19:13:12.636 [main] INFO  testCases.TC004_GymCategory - --//Country chosen//--
19:13:24.386 [main] INFO  testCases.TC004_GymCategory - --//City chosen//--
19:13:55.486 [main] INFO  testCases.TC004_GymCategory - --//Top 5 car wash services displyed//--
19:14:03.855 [main] INFO  testCases.TC004_GymCategory - --//Review given//--
19:15:02.052 [main] INFO  testCases.TC004_GymCategory - --//Free Listing Done//--
19:15:22.888 [main] INFO  testCases.TC004_GymCategory - --//Gym Sub Categories taken//--
09:37:42.394 [main] INFO  testCases.TC004_GymCategory - --//Country chosen//--
09:37:54.347 [main] INFO  testCases.TC004_GymCategory - --//City chosen//--
09:38:27.859 [main] INFO  testCases.TC004_GymCategory - --//Top 5 car wash services displyed//--
