11:02:26.645 [main] INFO  testCases.TC004_GymCategory - --//Gym Sub Categories taken//--
11:05:41.410 [main] INFO  testCases.TC004_GymCategory - --//Country chosen//--
11:05:59.138 [main] INFO  testCases.TC004_GymCategory - --//City chosen//--
11:07:01.637 [main] INFO  testCases.TC004_GymCategory - --//Top 5 car wash services displyed//--
11:07:09.946 [main] INFO  testCases.TC004_GymCategory - --//Review given//--
11:09:05.468 [main] INFO  testCases.TC004_GymCategory - --//Country chosen//--
11:09:17.539 [main] INFO  testCases.TC004_GymCategory - --//City chosen//--
11:09:53.774 [main] INFO  testCases.TC004_GymCategory - --//Top 5 car wash services displyed//--
11:10:00.241 [main] INFO  testCases.TC004_GymCategory - --//Review given//--
11:10:39.736 [main] INFO  testCases.TC004_GymCategory - --//Shared and Reported//--
11:10:52.364 [main] INFO  testCases.TC004_GymCategory - --//Free Listing Done//--
11:11:05.436 [main] INFO  testCases.TC004_GymCategory - --//Gym Sub Categories taken//--
11:11:59.093 [main] INFO  testCases.TC004_GymCategory - --//Country chosen//--
11:12:11.950 [main] INFO  testCases.TC004_GymCategory - --//City chosen//--
11:12:46.501 [main] INFO  testCases.TC004_GymCategory - --//Top 5 car wash services displyed//--
11:12:54.437 [main] INFO  testCases.TC004_GymCategory - --//Review given//--
11:13:42.864 [main] INFO  testCases.TC004_GymCategory - --//Shared and Reported//--
11:14:02.496 [main] INFO  testCases.TC004_GymCategory - --//Free Listing Done//--
11:14:15.346 [main] INFO  testCases.TC004_GymCategory - --//Gym Sub Categories taken//--
11:14:46.992 [main] INFO  testCases.TC004_GymCategory - --//Country chosen//--
11:14:58.919 [main] INFO  testCases.TC004_GymCategory - --//City chosen//--
11:15:37.922 [main] INFO  testCases.TC004_GymCategory - --//Top 5 car wash services displyed//--
11:15:45.473 [main] INFO  testCases.TC004_GymCategory - --//Review given//--
11:16:19.123 [main] INFO  testCases.TC004_GymCategory - --//Free Listing Done//--
11:16:31.693 [main] INFO  testCases.TC004_GymCategory - --//Gym Sub Categories taken//--
11:32:43.344 [main] INFO  testCases.TC004_GymCategory - --//Country chosen//--
11:32:57.754 [main] INFO  testCases.TC004_GymCategory - --//City chosen//--
13:24:54.796 [main] INFO  testCases.TC004_GymCategory - --//City chosen//--
13:27:31.647 [main] INFO  testCases.TC004_GymCategory - --//Country chosen//--
13:28:03.302 [main] INFO  testCases.TC004_GymCategory - --//City chosen//--
13:29:13.179 [main] INFO  testCases.TC004_GymCategory - --//Top 5 car wash services displyed//--
13:29:28.901 [main] INFO  testCases.TC004_GymCategory - --//Review given//--
13:30:21.149 [main] INFO  testCases.TC004_GymCategory - --//Shared and Reported//--
13:30:45.103 [main] INFO  testCases.TC004_GymCategory - --//Free Listing Done//--
13:31:17.176 [main] INFO  testCases.TC004_GymCategory - --//Gym Sub Categories taken//--
13:37:29.375 [main] INFO  testCases.TC004_GymCategory - --//Country chosen//--
13:38:04.147 [main] INFO  testCases.TC004_GymCategory - --//City chosen//--
13:39:15.311 [main] INFO  testCases.TC004_GymCategory - --//Top 5 car wash services displyed//--
13:39:42.174 [main] INFO  testCases.TC004_GymCategory - --//Review given//--
13:40:54.864 [main] INFO  testCases.TC004_GymCategory - --//Free Listing Done//--
13:41:18.128 [main] INFO  testCases.TC004_GymCategory - --//Gym Sub Categories taken//--
16:57:12.526 [main] INFO  testCases.TC004_GymCategory - --//Country chosen//--
16:57:32.611 [main] INFO  testCases.TC004_GymCategory - --//City chosen//--
16:58:52.864 [main] INFO  testCases.TC004_GymCategory - --//Top 5 car wash services displyed//--
16:59:02.853 [main] INFO  testCases.TC004_GymCategory - --//Review given//--
17:00:03.079 [main] INFO  testCases.TC004_GymCategory - --//Shared and Reported//--
17:00:28.703 [main] INFO  testCases.TC004_GymCategory - --//Free Listing Done//--
17:00:49.720 [main] INFO  testCases.TC004_GymCategory - --//Gym Sub Categories taken//--
17:01:42.001 [main] INFO  testCases.TC004_GymCategory - --//Country chosen//--
17:02:13.557 [main] INFO  testCases.TC004_GymCategory - --//City chosen//--
17:03:00.061 [main] INFO  testCases.TC004_GymCategory - --//Top 5 car wash services displyed//--
17:03:07.229 [main] INFO  testCases.TC004_GymCategory - --//Review given//--
17:04:01.106 [main] INFO  testCases.TC004_GymCategory - --//Shared and Reported//--
17:04:13.563 [main] INFO  testCases.TC004_GymCategory - --//Free Listing Done//--
17:04:29.766 [main] INFO  testCases.TC004_GymCategory - --//Gym Sub Categories taken//--
17:15:38.737 [main] INFO  testCases.TC004_GymCategory - --//Country chosen//--
17:15:59.684 [main] INFO  testCases.TC004_GymCategory - --//City chosen//--
17:16:49.853 [main] INFO  testCases.TC004_GymCategory - --//Top 5 car wash services displyed//--
17:16:57.078 [main] INFO  testCases.TC004_GymCategory - --//Review given//--
17:17:41.885 [main] INFO  testCases.TC004_GymCategory - --//Shared and Reported//--
