17:18:13.690 [main] INFO  testCases.TC004_GymCategory - --//Free Listing Done//--
17:18:27.382 [main] INFO  testCases.TC004_GymCategory - --//Gym Sub Categories taken//--
09:52:28.047 [main] INFO  testCases.TC004_GymCategory - --//Country chosen//--
09:52:48.449 [main] INFO  testCases.TC004_GymCategory - --//City chosen//--
09:53:39.697 [main] INFO  testCases.TC004_GymCategory - --//Top 5 car wash services displyed//--
09:53:46.484 [main] INFO  testCases.TC004_GymCategory - --//Review given//--
09:54:31.995 [main] INFO  testCases.TC004_GymCategory - --//Shared and Reported//--
09:54:44.113 [main] INFO  testCases.TC004_GymCategory - --//Free Listing Done//--
09:55:22.758 [main] INFO  testCases.TC004_GymCategory - --//Gym Sub Categories taken//--
09:56:07.126 [main] INFO  testCases.TC004_GymCategory - --//Country chosen//--
09:56:26.845 [main] INFO  testCases.TC004_GymCategory - --//City chosen//--
09:57:12.699 [main] INFO  testCases.TC004_GymCategory - --//Top 5 car wash services displyed//--
09:57:19.902 [main] INFO  testCases.TC004_GymCategory - --//Review given//--
09:58:02.686 [main] INFO  testCases.TC004_GymCategory - --//Shared and Reported//--
09:58:12.918 [main] INFO  testCases.TC004_GymCategory - --//Free Listing Done//--
09:58:26.416 [main] INFO  testCases.TC004_GymCategory - --//Gym Sub Categories taken//--
10:15:53.819 [main] INFO  testCases.TC004_GymCategory - --//Country chosen//--
10:16:14.367 [main] INFO  testCases.TC004_GymCategory - --//City chosen//--
10:17:08.063 [main] INFO  testCases.TC004_GymCategory - --//Top 5 car wash services displyed//--
10:17:15.124 [main] INFO  testCases.TC004_GymCategory - --//Review given//--
10:17:58.817 [main] INFO  testCases.TC004_GymCategory - --//Shared and Reported//--
10:18:12.784 [main] INFO  testCases.TC004_GymCategory - --//Free Listing Done//--
10:18:30.029 [main] INFO  testCases.TC004_GymCategory - --//Gym Sub Categories taken//--
10:39:10.986 [main] INFO  testCases.TC004_GymCategory - --//Country chosen//--
10:39:29.699 [main] INFO  testCases.TC004_GymCategory - --//City chosen//--
10:40:15.927 [main] INFO  testCases.TC004_GymCategory - --//Top 5 car wash services displyed//--
10:40:22.269 [main] INFO  testCases.TC004_GymCategory - --//Review given//--
10:41:01.011 [main] INFO  testCases.TC004_GymCategory - --//Shared and Reported//--
10:41:10.161 [main] INFO  testCases.TC004_GymCategory - --//Free Listing Done//--
10:41:22.445 [main] INFO  testCases.TC004_GymCategory - --//Gym Sub Categories taken//--
11:13:29.661 [main] INFO  testCases.TC004_GymCategory - --//Country chosen//--
11:13:53.399 [main] INFO  testCases.TC004_GymCategory - --//City chosen//--
11:14:56.077 [main] INFO  testCases.TC004_GymCategory - --//Top 5 car wash services displyed//--
11:15:01.804 [main] INFO  testCases.TC004_GymCategory - --//Review given//--
11:15:42.972 [main] INFO  testCases.TC004_GymCategory - --//Shared and Reported//--
11:15:51.728 [main] INFO  testCases.TC004_GymCategory - --//Free Listing Done//--
11:16:10.859 [main] INFO  testCases.TC004_GymCategory - --//Gym Sub Categories taken//--
11:34:21.704 [main] INFO  testCases.TC004_GymCategory - --//Country chosen//--
11:34:45.761 [main] INFO  testCases.TC004_GymCategory - --//City chosen//--
11:35:46.427 [main] INFO  testCases.TC004_GymCategory - --//Top 5 car wash services displyed//--
11:35:50.916 [main] INFO  testCases.TC004_GymCategory - --//Review given//--
11:36:31.091 [main] INFO  testCases.TC004_GymCategory - --//Shared and Reported//--
11:36:40.540 [main] INFO  testCases.TC004_GymCategory - --//Free Listing Done//--
11:36:59.737 [main] INFO  testCases.TC004_GymCategory - --//Gym Sub Categories taken//--
11:42:00.548 [main] INFO  testCases.TC004_GymCategory - --//Country chosen//--
11:42:18.786 [main] INFO  testCases.TC004_GymCategory - --//City chosen//--
11:43:03.416 [main] INFO  testCases.TC004_GymCategory - --//Top 5 car wash services displyed//--
11:43:07.990 [main] INFO  testCases.TC004_GymCategory - --//Review given//--
11:43:48.190 [main] INFO  testCases.TC004_GymCategory - --//Shared and Reported//--
11:43:57.136 [main] INFO  testCases.TC004_GymCategory - --//Free Listing Done//--
11:44:09.767 [main] INFO  testCases.TC004_GymCategory - --//Gym Sub Categories taken//--
11:44:46.574 [main] INFO  testCases.TC004_GymCategory - --//Country chosen//--
11:45:05.081 [main] INFO  testCases.TC004_GymCategory - --//City chosen//--
11:45:45.976 [main] INFO  testCases.TC004_GymCategory - --//Top 5 car wash services displyed//--
11:45:50.510 [main] INFO  testCases.TC004_GymCategory - --//Review given//--
11:46:32.211 [main] INFO  testCases.TC004_GymCategory - --//Shared and Reported//--
11:46:47.627 [main] INFO  testCases.TC004_GymCategory - --//Free Listing Done//--
11:47:14.118 [main] INFO  testCases.TC004_GymCategory - --//Gym Sub Categories taken//--
10:14:03.182 [main] INFO  testCases.TC004_GymCategory - --//Country chosen//--
10:14:21.057 [main] INFO  testCases.TC004_GymCategory - --//City chosen//--
