17:07:13.048 [main] INFO  testCases.TC004_GymCategory - --//Top 5 car wash services displyed//--
17:07:19.808 [main] INFO  testCases.TC004_GymCategory - --//Review given//--
17:08:03.115 [main] INFO  testCases.TC004_GymCategory - --//Shared and Reported//--
17:08:09.401 [main] INFO  testCases.TC004_GymCategory - --//Free Listing Done//--
17:08:22.792 [main] INFO  testCases.TC004_GymCategory - --//Gym Sub Categories taken//--
17:11:52.441 [main] INFO  testCases.TC004_GymCategory - --//Country chosen//--
17:12:03.291 [main] INFO  testCases.TC004_GymCategory - --//City chosen//--
17:12:33.499 [main] INFO  testCases.TC004_GymCategory - --//Top 5 car wash services displyed//--
17:12:40.180 [main] INFO  testCases.TC004_GymCategory - --//Review given//--
17:13:27.610 [main] INFO  testCases.TC004_GymCategory - --//Free Listing Done//--
09:44:17.601 [main] INFO  testCases.TC004_GymCategory - --//Country chosen//--
09:44:30.755 [main] INFO  testCases.TC004_GymCategory - --//City chosen//--
09:45:02.747 [main] INFO  testCases.TC004_GymCategory - --//Top 5 car wash services displyed//--
09:45:09.787 [main] INFO  testCases.TC004_GymCategory - --//Review given//--
09:45:59.010 [main] INFO  testCases.TC004_GymCategory - --//Shared and Reported//--
09:46:05.853 [main] INFO  testCases.TC004_GymCategory - --//Free Listing Done//--
09:46:17.992 [main] INFO  testCases.TC004_GymCategory - --//Gym Sub Categories taken//--
12:27:56.279 [main] INFO  testCases.TC004_GymCategory - --//Country chosen//--
12:28:08.260 [main] INFO  testCases.TC004_GymCategory - --//City chosen//--
12:28:40.466 [main] INFO  testCases.TC004_GymCategory - --//Top 5 car wash services displyed//--
12:28:47.520 [main] INFO  testCases.TC004_GymCategory - --//Review given//--
12:29:38.052 [main] INFO  testCases.TC004_GymCategory - --//Shared and Reported//--
12:30:18.517 [main] INFO  testCases.TC004_GymCategory - --//Free Listing Done//--
12:30:31.716 [main] INFO  testCases.TC004_GymCategory - --//Gym Sub Categories taken//--
12:41:43.727 [main] INFO  testCases.TC004_GymCategory - --//Country chosen//--
12:41:54.884 [main] INFO  testCases.TC004_GymCategory - --//City chosen//--
12:42:42.852 [main] INFO  testCases.TC004_GymCategory - --//Free Listing Done//--
12:43:49.503 [main] INFO  testCases.TC004_GymCategory - --//Country chosen//--
12:44:02.017 [main] INFO  testCases.TC004_GymCategory - --//City chosen//--
12:44:34.328 [main] INFO  testCases.TC004_GymCategory - --//Top 5 car wash services displyed//--
12:44:42.057 [main] INFO  testCases.TC004_GymCategory - --//Review given//--
12:45:26.258 [main] INFO  testCases.TC004_GymCategory - --//Shared and Reported//--
12:45:35.313 [main] INFO  testCases.TC004_GymCategory - --//Free Listing Done//--
12:45:48.731 [main] INFO  testCases.TC004_GymCategory - --//Gym Sub Categories taken//--
12:47:36.488 [main] INFO  testCases.TC004_GymCategory - --//Country chosen//--
12:47:48.807 [main] INFO  testCases.TC004_GymCategory - --//City chosen//--
12:48:20.875 [main] INFO  testCases.TC004_GymCategory - --//Top 5 car wash services displyed//--
12:48:28.164 [main] INFO  testCases.TC004_GymCategory - --//Review given//--
12:49:13.856 [main] INFO  testCases.TC004_GymCategory - --//Shared and Reported//--
12:49:25.978 [main] INFO  testCases.TC004_GymCategory - --//Free Listing Done//--
12:49:44.092 [main] INFO  testCases.TC004_GymCategory - --//Gym Sub Categories taken//--
16:20:58.116 [main] INFO  testCases.TC004_GymCategory - --//Country chosen//--
16:21:09.703 [main] INFO  testCases.TC004_GymCategory - --//City chosen//--
16:21:41.752 [main] INFO  testCases.TC004_GymCategory - --//Top 5 car wash services displyed//--
13:11:14.942 [main] INFO  testCases.TC004_GymCategory - --//Country chosen//--
13:11:28.314 [main] INFO  testCases.TC004_GymCategory - --//City chosen//--
13:12:02.912 [main] INFO  testCases.TC004_GymCategory - --//Top 5 car wash services displyed//--
13:12:10.814 [main] INFO  testCases.TC004_GymCategory - --//Review given//--
13:12:51.902 [main] INFO  testCases.TC004_GymCategory - --//Shared and Reported//--
13:12:59.604 [main] INFO  testCases.TC004_GymCategory - --//Free Listing Done//--
13:13:12.125 [main] INFO  testCases.TC004_GymCategory - --//Gym Sub Categories taken//--
13:16:26.398 [main] INFO  testCases.TC004_GymCategory - --//Country chosen//--
13:16:43.349 [main] INFO  testCases.TC004_GymCategory - --//City chosen//--
13:17:59.969 [main] INFO  testCases.TC004_GymCategory - --//Free Listing Done//--
13:18:21.085 [main] INFO  testCases.TC004_GymCategory - --//Gym Sub Categories taken//--
16:17:35.641 [main] INFO  testCases.TC004_GymCategory - --//City chosen//--
16:48:22.906 [main] INFO  testCases.TC004_GymCategory - --//Country chosen//--
16:48:36.409 [main] INFO  testCases.TC004_GymCategory - --//City chosen//--
16:49:07.215 [main] INFO  testCases.TC004_GymCategory - --//Top 5 car wash services displyed//--
16:49:14.282 [main] INFO  testCases.TC004_GymCategory - --//Review given//--
